Training samples: 20597
Validation samples: 4157
Image dimensions: 784
Epoch 1/30
Train Loss: 0.0940, Val Loss: 0.0547
Epoch 2/30
Train Loss: 0.0349, Val Loss: 0.0344
Epoch 3/30
Train Loss: 0.0207, Val Loss: 0.0310
Epoch 4/30
Train Loss: 0.0159, Val Loss: 0.0290
Epoch 5/30
Train Loss: 0.0117, Val Loss: 0.0371
Epoch 6/30
Train Loss: 0.0111, Val Loss: 0.0324
Epoch 7/30
Train Loss: 0.0070, Val Loss: 0.0340
Epoch 8/30
Train Loss: 0.0099, Val Loss: 0.0457
Epoch 9/30
Train Loss: 0.0040, Val Loss: 0.0405
Epoch 10/30
Train Loss: 0.0069, Val Loss: 0.0560
Epoch 11/30
Train Loss: 0.0052, Val Loss: 0.0485
Epoch 12/30
Train Loss: 0.0041, Val Loss: 0.0464
Epoch 13/30
Train Loss: 0.0033, Val Loss: 0.0403
Epoch 14/30
Train Loss: 0.0077, Val Loss: 0.0489
Epoch 15/30
Train Loss: 0.0028, Val Loss: 0.0534
Epoch 16/30
Train Loss: 0.0117, Val Loss: 0.0329
Epoch 17/30
Train Loss: 0.0015, Val Loss: 0.0509
Epoch 18/30
Train Loss: 0.0062, Val Loss: 0.0427
Epoch 19/30
Train Loss: 0.0033, Val Loss: 0.0433
Epoch 20/30
Train Loss: 0.0057, Val Loss: 0.0351
Epoch 21/30
Train Loss: 0.0037, Val Loss: 0.0493
Epoch 22/30
Train Loss: 0.0018, Val Loss: 0.0391
Epoch 23/30
Train Loss: 0.0000, Val Loss: 0.0408
Epoch 24/30
Train Loss: 0.0000, Val Loss: 0.0410
Epoch 25/30
Train Loss: 0.0000, Val Loss: 0.0413
Epoch 26/30
Train Loss: 0.0000, Val Loss: 0.0418
Epoch 27/30
Train Loss: 0.0000, Val Loss: 0.0423
Epoch 28/30
Train Loss: 0.0000, Val Loss: 0.0427
Epoch 29/30
Train Loss: 0.0000, Val Loss: 0.0431
Epoch 30/30
Train Loss: 0.0000, Val Loss: 0.0437
