Training samples: 31722
Validation samples: 3524
Image dimensions: 784
Epoch 1/10
Train Loss: 0.2390, Val Loss: 0.1166
Epoch 2/10
Train Loss: 0.0878, Val Loss: 0.0893
Epoch 3/10
Train Loss: 0.0563, Val Loss: 0.0697
Epoch 4/10
Train Loss: 0.0399, Val Loss: 0.0693
Epoch 5/10
Train Loss: 0.0326, Val Loss: 0.0850
Epoch 6/10
Train Loss: 0.0242, Val Loss: 0.0726
Epoch 7/10
Train Loss: 0.0219, Val Loss: 0.0854
Epoch 8/10
Train Loss: 0.0206, Val Loss: 0.0597
Epoch 9/10
Train Loss: 0.0156, Val Loss: 0.0645
Epoch 10/10
Train Loss: 0.0151, Val Loss: 0.0775
